<?xml version="1.0" encoding="UTF-8"?>
<robot generator="Robot 3.2.1 (Python 3.8.3 on win32)" generated="20200709 16:39:06.416" rpa="false">
<suite id="s1" name="Cadastro" source="C:\Roboweek\NinjaChefe\cadastro.robot">
<test id="s1-t1" name="cadastro simples">
<kw name="Dado que acesso a página principal">
<kw name="Open Browser" library="SeleniumLibrary">
<doc>Opens a new browser instance to the optional ``url``.</doc>
<arguments>
<arg>http://ninjachef-qaninja-io.umbler.net</arg>
<arg>chrome</arg>
</arguments>
<msg timestamp="20200709 16:39:06.601" level="INFO">Opening browser 'chrome' to base url 'http://ninjachef-qaninja-io.umbler.net'.</msg>
<status status="PASS" starttime="20200709 16:39:06.601" endtime="20200709 16:39:11.229"></status>
</kw>
<status status="PASS" starttime="20200709 16:39:06.601" endtime="20200709 16:39:11.229"></status>
</kw>
<kw name="Quando submeto o meu email &quot;josewilton@gmail.com&quot;">
<kw name="Input Text" library="SeleniumLibrary">
<doc>Types the given ``text`` into the text field identified by ``locator``.</doc>
<arguments>
<arg>id:email</arg>
<arg>${email}</arg>
</arguments>
<msg timestamp="20200709 16:39:11.229" level="INFO">Typing text 'josewilton@gmail.com' into text field 'id:email'.</msg>
<status status="PASS" starttime="20200709 16:39:11.229" endtime="20200709 16:39:11.430"></status>
</kw>
<kw name="Click Element" library="SeleniumLibrary">
<doc>Click the element identified by ``locator``.</doc>
<arguments>
<arg>css:button[type=submit]</arg>
</arguments>
<msg timestamp="20200709 16:39:11.430" level="INFO">Clicking element 'css:button[type=submit]'.</msg>
<status status="PASS" starttime="20200709 16:39:11.430" endtime="20200709 16:39:11.478"></status>
</kw>
<status status="PASS" starttime="20200709 16:39:11.229" endtime="20200709 16:39:11.478"></status>
</kw>
<kw name="Então devo ser autenticado">
<kw name="Wait Until Page Contains Element" library="SeleniumLibrary">
<doc>Waits until the element ``locator`` appears on the current page.</doc>
<arguments>
<arg>class:dashboard</arg>
</arguments>
<status status="PASS" starttime="20200709 16:39:11.482" endtime="20200709 16:39:12.591"></status>
</kw>
<status status="PASS" starttime="20200709 16:39:11.482" endtime="20200709 16:39:12.591"></status>
</kw>
<status status="PASS" starttime="20200709 16:39:06.601" endtime="20200709 16:39:12.591" critical="yes"></status>
</test>
<doc>Suite de testes de cadastro</doc>
<status status="PASS" starttime="20200709 16:39:06.432" endtime="20200709 16:39:12.607"></status>
</suite>
<statistics>
<total>
<stat pass="1" fail="0">Critical Tests</stat>
<stat pass="1" fail="0">All Tests</stat>
</total>
<tag>
</tag>
<suite>
<stat pass="1" fail="0" id="s1" name="Cadastro">Cadastro</stat>
</suite>
</statistics>
<errors>
</errors>
</robot>
