<?xml version="1.0" encoding="UTF-8"?>
<robot generator="Robot 3.2.1 (Python 3.8.3 on win32)" generated="20200709 17:25:36.126" rpa="false">
<suite id="s1" name="Cadastro" source="C:\Roboweek\NinjaChefe\tests\cadastro.robot">
<test id="s1-t1" name="cadastro simples">
<kw name="Open Session" library="base" type="setup">
<kw name="Open Browser" library="SeleniumLibrary">
<doc>Opens a new browser instance to the optional ``url``.</doc>
<arguments>
<arg>about:blank</arg>
<arg>chrome</arg>
</arguments>
<msg timestamp="20200709 17:25:36.355" level="INFO">Opening browser 'chrome' to base url 'about:blank'.</msg>
<status status="PASS" starttime="20200709 17:25:36.355" endtime="20200709 17:25:39.572"></status>
</kw>
<status status="PASS" starttime="20200709 17:25:36.355" endtime="20200709 17:25:39.572"></status>
</kw>
<kw name="Dado que acesso a página principal" library="kws">
<kw name="Go To" library="SeleniumLibrary">
<doc>Navigates the current browser window to the provided ``url``.</doc>
<arguments>
<arg>http://ninjachef-qaninja-io.umbler.net</arg>
</arguments>
<msg timestamp="20200709 17:25:39.572" level="INFO">Opening url 'http://ninjachef-qaninja-io.umbler.net'</msg>
<status status="PASS" starttime="20200709 17:25:39.572" endtime="20200709 17:25:43.669"></status>
</kw>
<status status="PASS" starttime="20200709 17:25:39.572" endtime="20200709 17:25:43.669"></status>
</kw>
<kw name="Quando submeto o meu email &quot;josewilton@gmail.com&quot;" library="kws">
<kw name="Input Text" library="SeleniumLibrary">
<doc>Types the given ``text`` into the text field identified by ``locator``.</doc>
<arguments>
<arg>id:email</arg>
<arg>${email}</arg>
</arguments>
<msg timestamp="20200709 17:25:43.669" level="INFO">Typing text 'josewilton@gmail.com' into text field 'id:email'.</msg>
<status status="PASS" starttime="20200709 17:25:43.669" endtime="20200709 17:25:43.881"></status>
</kw>
<kw name="Click Element" library="SeleniumLibrary">
<doc>Click the element identified by ``locator``.</doc>
<arguments>
<arg>css:button[type=submit]</arg>
</arguments>
<msg timestamp="20200709 17:25:43.881" level="INFO">Clicking element 'css:button[type=submit]'.</msg>
<status status="PASS" starttime="20200709 17:25:43.881" endtime="20200709 17:25:43.944"></status>
</kw>
<status status="PASS" starttime="20200709 17:25:43.669" endtime="20200709 17:25:43.944"></status>
</kw>
<kw name="Então devo ser autenticado" library="kws">
<kw name="Wait Until Page Contains Element" library="SeleniumLibrary">
<doc>Waits until the element ``locator`` appears on the current page.</doc>
<arguments>
<arg>class:dashboard</arg>
</arguments>
<status status="PASS" starttime="20200709 17:25:43.945" endtime="20200709 17:25:44.383"></status>
</kw>
<kw name="Close Browser" library="SeleniumLibrary">
<doc>Closes the current browser.</doc>
<status status="PASS" starttime="20200709 17:25:44.383" endtime="20200709 17:25:46.531"></status>
</kw>
<status status="PASS" starttime="20200709 17:25:43.945" endtime="20200709 17:25:46.532"></status>
</kw>
<kw name="Close Session" library="base" type="teardown">
<kw name="Close Browser" library="SeleniumLibrary">
<doc>Closes the current browser.</doc>
<status status="PASS" starttime="20200709 17:25:46.534" endtime="20200709 17:25:46.534"></status>
</kw>
<status status="PASS" starttime="20200709 17:25:46.532" endtime="20200709 17:25:46.534"></status>
</kw>
<status status="PASS" starttime="20200709 17:25:36.355" endtime="20200709 17:25:46.535" critical="yes"></status>
</test>
<doc>Suite de testes de cadastro</doc>
<status status="PASS" starttime="20200709 17:25:36.126" endtime="20200709 17:25:46.535"></status>
</suite>
<statistics>
<total>
<stat pass="1" fail="0">Critical Tests</stat>
<stat pass="1" fail="0">All Tests</stat>
</total>
<tag>
</tag>
<suite>
<stat pass="1" fail="0" id="s1" name="Cadastro">Cadastro</stat>
</suite>
</statistics>
<errors>
</errors>
</robot>
