<?xml version="1.0" encoding="UTF-8"?>
<robot generator="Robot 3.2.1 (Python 3.8.3 on win32)" generated="20200710 18:58:43.158" rpa="false">
<suite id="s1" name="Cadastro" source="C:\Roboweek\NinjaChefe\tests\cadastro.robot">
<test id="s1-t1" name="cadastro simples">
<kw name="Open Session" library="base" type="setup">
<kw name="Open Browser" library="SeleniumLibrary">
<doc>Opens a new browser instance to the optional ``url``.</doc>
<arguments>
<arg>about:blank</arg>
<arg>chrome</arg>
</arguments>
<msg timestamp="20200710 18:58:43.348" level="INFO">Opening browser 'chrome' to base url 'about:blank'.</msg>
<status status="PASS" starttime="20200710 18:58:43.348" endtime="20200710 18:58:46.537"></status>
</kw>
<status status="PASS" starttime="20200710 18:58:43.348" endtime="20200710 18:58:46.538"></status>
</kw>
<kw name="Dado que acesso a página principal" library="kws">
<kw name="Go To" library="SeleniumLibrary">
<doc>Navigates the current browser window to the provided ``url``.</doc>
<arguments>
<arg>http://ninjachef-qaninja-io.umbler.net</arg>
</arguments>
<msg timestamp="20200710 18:58:46.540" level="INFO">Opening url 'http://ninjachef-qaninja-io.umbler.net'</msg>
<status status="PASS" starttime="20200710 18:58:46.539" endtime="20200710 18:58:48.304"></status>
</kw>
<status status="PASS" starttime="20200710 18:58:46.538" endtime="20200710 18:58:48.304"></status>
</kw>
<kw name="Quando submeto o meu email &quot;josewilton@gmail.com&quot;" library="kws">
<kw name="Input Text" library="SeleniumLibrary">
<doc>Types the given ``text`` into the text field identified by ``locator``.</doc>
<arguments>
<arg>id:email</arg>
<arg>${email}</arg>
</arguments>
<msg timestamp="20200710 18:58:48.305" level="INFO">Typing text 'josewilton@gmail.com' into text field 'id:email'.</msg>
<status status="PASS" starttime="20200710 18:58:48.305" endtime="20200710 18:58:48.522"></status>
</kw>
<kw name="Click Element" library="SeleniumLibrary">
<doc>Click the element identified by ``locator``.</doc>
<arguments>
<arg>css:button[type=submit]</arg>
</arguments>
<msg timestamp="20200710 18:58:48.523" level="INFO">Clicking element 'css:button[type=submit]'.</msg>
<status status="PASS" starttime="20200710 18:58:48.523" endtime="20200710 18:58:48.583"></status>
</kw>
<status status="PASS" starttime="20200710 18:58:48.305" endtime="20200710 18:58:48.583"></status>
</kw>
<kw name="Então devo ser autenticado" library="kws">
<kw name="Wait Until Page Contains Element" library="SeleniumLibrary">
<doc>Waits until the element ``locator`` appears on the current page.</doc>
<arguments>
<arg>class:dashboard</arg>
</arguments>
<status status="PASS" starttime="20200710 18:58:48.584" endtime="20200710 18:58:49.028"></status>
</kw>
<kw name="Close Browser" library="SeleniumLibrary">
<doc>Closes the current browser.</doc>
<status status="PASS" starttime="20200710 18:58:49.028" endtime="20200710 18:58:51.154"></status>
</kw>
<status status="PASS" starttime="20200710 18:58:48.584" endtime="20200710 18:58:51.154"></status>
</kw>
<kw name="Close Session" library="base" type="teardown">
<kw name="Close Browser" library="SeleniumLibrary">
<doc>Closes the current browser.</doc>
<status status="PASS" starttime="20200710 18:58:51.156" endtime="20200710 18:58:51.156"></status>
</kw>
<status status="PASS" starttime="20200710 18:58:51.155" endtime="20200710 18:58:51.156"></status>
</kw>
<status status="PASS" starttime="20200710 18:58:43.347" endtime="20200710 18:58:51.157" critical="yes"></status>
</test>
<test id="s1-t2" name="Email incorreto">
<kw name="Open Session" library="base" type="setup">
<kw name="Open Browser" library="SeleniumLibrary">
<doc>Opens a new browser instance to the optional ``url``.</doc>
<arguments>
<arg>about:blank</arg>
<arg>chrome</arg>
</arguments>
<msg timestamp="20200710 18:58:51.161" level="INFO">Opening browser 'chrome' to base url 'about:blank'.</msg>
<status status="PASS" starttime="20200710 18:58:51.161" endtime="20200710 18:58:54.317"></status>
</kw>
<status status="PASS" starttime="20200710 18:58:51.160" endtime="20200710 18:58:54.317"></status>
</kw>
<kw name="Dado que acesso a página principal" library="kws">
<kw name="Go To" library="SeleniumLibrary">
<doc>Navigates the current browser window to the provided ``url``.</doc>
<arguments>
<arg>http://ninjachef-qaninja-io.umbler.net</arg>
</arguments>
<msg timestamp="20200710 18:58:54.319" level="INFO">Opening url 'http://ninjachef-qaninja-io.umbler.net'</msg>
<status status="PASS" starttime="20200710 18:58:54.319" endtime="20200710 18:58:56.140"></status>
</kw>
<status status="PASS" starttime="20200710 18:58:54.318" endtime="20200710 18:58:56.141"></status>
</kw>
<kw name="Quando submeto o meu email &quot;errado$gmail.com&quot;" library="kws">
<kw name="Input Text" library="SeleniumLibrary">
<doc>Types the given ``text`` into the text field identified by ``locator``.</doc>
<arguments>
<arg>id:email</arg>
<arg>${email}</arg>
</arguments>
<msg timestamp="20200710 18:58:56.143" level="INFO">Typing text 'errado$gmail.com' into text field 'id:email'.</msg>
<status status="PASS" starttime="20200710 18:58:56.142" endtime="20200710 18:58:56.314"></status>
</kw>
<kw name="Click Element" library="SeleniumLibrary">
<doc>Click the element identified by ``locator``.</doc>
<arguments>
<arg>css:button[type=submit]</arg>
</arguments>
<msg timestamp="20200710 18:58:56.315" level="INFO">Clicking element 'css:button[type=submit]'.</msg>
<status status="PASS" starttime="20200710 18:58:56.314" endtime="20200710 18:58:56.366"></status>
</kw>
<status status="PASS" starttime="20200710 18:58:56.142" endtime="20200710 18:58:56.366"></status>
</kw>
<kw name="Então devo ser a mensagem &quot;Oops. Informe um email válido!&quot;" library="kws">
<kw name="Wait Until Element Contains" library="SeleniumLibrary">
<doc>Waits until the element ``locator`` contains ``text``.</doc>
<arguments>
<arg>class:alert</arg>
<arg>${expect_message}</arg>
</arguments>
<status status="PASS" starttime="20200710 18:58:56.367" endtime="20200710 18:58:56.397"></status>
</kw>
<status status="PASS" starttime="20200710 18:58:56.367" endtime="20200710 18:58:56.397"></status>
</kw>
<kw name="Close Session" library="base" type="teardown">
<kw name="Close Browser" library="SeleniumLibrary">
<doc>Closes the current browser.</doc>
<status status="PASS" starttime="20200710 18:58:56.398" endtime="20200710 18:58:58.510"></status>
</kw>
<status status="PASS" starttime="20200710 18:58:56.397" endtime="20200710 18:58:58.510"></status>
</kw>
<status status="PASS" starttime="20200710 18:58:51.159" endtime="20200710 18:58:58.511" critical="yes"></status>
</test>
<test id="s1-t3" name="Email não informado">
<kw name="Open Session" library="base" type="setup">
<kw name="Open Browser" library="SeleniumLibrary">
<doc>Opens a new browser instance to the optional ``url``.</doc>
<arguments>
<arg>about:blank</arg>
<arg>chrome</arg>
</arguments>
<msg timestamp="20200710 18:58:58.514" level="INFO">Opening browser 'chrome' to base url 'about:blank'.</msg>
<status status="PASS" starttime="20200710 18:58:58.514" endtime="20200710 18:59:01.686"></status>
</kw>
<status status="PASS" starttime="20200710 18:58:58.513" endtime="20200710 18:59:01.686"></status>
</kw>
<kw name="Dado que acesso a página principal" library="kws">
<kw name="Go To" library="SeleniumLibrary">
<doc>Navigates the current browser window to the provided ``url``.</doc>
<arguments>
<arg>http://ninjachef-qaninja-io.umbler.net</arg>
</arguments>
<msg timestamp="20200710 18:59:01.688" level="INFO">Opening url 'http://ninjachef-qaninja-io.umbler.net'</msg>
<status status="PASS" starttime="20200710 18:59:01.688" endtime="20200710 18:59:04.696"></status>
</kw>
<status status="PASS" starttime="20200710 18:59:01.687" endtime="20200710 18:59:04.696"></status>
</kw>
<kw name="Quando submeto o meu email &quot;${EMPTY}&quot;" library="kws">
<kw name="Input Text" library="SeleniumLibrary">
<doc>Types the given ``text`` into the text field identified by ``locator``.</doc>
<arguments>
<arg>id:email</arg>
<arg>${email}</arg>
</arguments>
<msg timestamp="20200710 18:59:04.699" level="INFO">Typing text '' into text field 'id:email'.</msg>
<status status="PASS" starttime="20200710 18:59:04.698" endtime="20200710 18:59:04.791"></status>
</kw>
<kw name="Click Element" library="SeleniumLibrary">
<doc>Click the element identified by ``locator``.</doc>
<arguments>
<arg>css:button[type=submit]</arg>
</arguments>
<msg timestamp="20200710 18:59:04.791" level="INFO">Clicking element 'css:button[type=submit]'.</msg>
<status status="PASS" starttime="20200710 18:59:04.791" endtime="20200710 18:59:04.844"></status>
</kw>
<status status="PASS" starttime="20200710 18:59:04.697" endtime="20200710 18:59:04.844"></status>
</kw>
<kw name="Então devo ser a mensagem &quot;Oops. Informe um email válido!&quot;" library="kws">
<kw name="Wait Until Element Contains" library="SeleniumLibrary">
<doc>Waits until the element ``locator`` contains ``text``.</doc>
<arguments>
<arg>class:alert</arg>
<arg>${expect_message}</arg>
</arguments>
<status status="PASS" starttime="20200710 18:59:04.845" endtime="20200710 18:59:04.871"></status>
</kw>
<status status="PASS" starttime="20200710 18:59:04.845" endtime="20200710 18:59:04.871"></status>
</kw>
<kw name="Close Session" library="base" type="teardown">
<kw name="Close Browser" library="SeleniumLibrary">
<doc>Closes the current browser.</doc>
<status status="PASS" starttime="20200710 18:59:04.873" endtime="20200710 18:59:06.987"></status>
</kw>
<status status="PASS" starttime="20200710 18:59:04.872" endtime="20200710 18:59:06.987"></status>
</kw>
<status status="PASS" starttime="20200710 18:58:58.512" endtime="20200710 18:59:06.988" critical="yes"></status>
</test>
<doc>Suite de testes de cadastro</doc>
<status status="PASS" starttime="20200710 18:58:43.161" endtime="20200710 18:59:06.991"></status>
</suite>
<statistics>
<total>
<stat pass="3" fail="0">Critical Tests</stat>
<stat pass="3" fail="0">All Tests</stat>
</total>
<tag>
</tag>
<suite>
<stat pass="3" fail="0" id="s1" name="Cadastro">Cadastro</stat>
</suite>
</statistics>
<errors>
</errors>
</robot>
